build/app/intermediates/manifest_merge_blame_file/release/manifest-merger-blame-release-report.txt
1<?xml version="1.0" encoding="utf-8"?>
2<manifest xmlns:android="http://schemas.android.com/apk/res/android"
3    package="com.example.music_player_app"
4    android:versionCode="1"
5    android:versionName="1.0.0" >
6
7    <uses-sdk
8        android:minSdkVersion="21"
8-->src/main/AndroidManifest.xml
9        android:targetSdkVersion="34" />
9-->src/main/AndroidManifest.xml
10
11    <uses-permission android:name="android.permission.INTERNET" />
11-->src/main/AndroidManifest.xml:2:5-66
11-->src/main/AndroidManifest.xml:2:22-64
12    <uses-permission android:name="android.permission.ACCESS_NETWORK_STATE" />
12-->src/main/AndroidManifest.xml:4:5-78
12-->src/main/AndroidManifest.xml:4:22-76
13    <!--
14         Required to query activities that can process text, see:
15         https://developer.android.com/training/package-visibility and
16         https://developer.android.com/reference/android/content/Intent#ACTION_PROCESS_TEXT.
17
18         In particular, this is used by the Flutter engine in io.flutter.plugin.text.ProcessTextPlugin.
19    -->
20    <queries>
20-->src/main/AndroidManifest.xml:42:5-47:15
21        <intent>
21-->src/main/AndroidManifest.xml:43:9-46:18
22            <action android:name="android.intent.action.PROCESS_TEXT" />
22-->src/main/AndroidManifest.xml:44:13-72
22-->src/main/AndroidManifest.xml:44:21-70
23
24            <data android:mimeType="text/plain" />
24-->src/main/AndroidManifest.xml:45:13-50
24-->src/main/AndroidManifest.xml:45:19-48
25        </intent>
26    </queries>
27
28    <uses-permission android:name="android.permission.FOREGROUND_SERVICE" />
28-->[:assets_audio_player] AndroidManifest.xml:9:5-77
28-->[:assets_audio_player] AndroidManifest.xml:9:22-74
29    <uses-permission android:name="android.permission.VIBRATE" />
29-->[:assets_audio_player] AndroidManifest.xml:10:5-66
29-->[:assets_audio_player] AndroidManifest.xml:10:22-63
30    <uses-permission android:name="android.permission.WAKE_LOCK" />
30-->[:assets_audio_player] AndroidManifest.xml:11:5-68
30-->[:assets_audio_player] AndroidManifest.xml:11:22-65
31    <uses-permission android:name="android.permission.WRITE_EXTERNAL_STORAGE" />
32    <uses-permission android:name="android.permission.READ_PHONE_STATE" />
33    <uses-permission android:name="android.permission.READ_EXTERNAL_STORAGE" />
34
35    <permission
35-->[androidx.core:core:1.13.1] AndroidManifest.xml:22:5-24:47
36        android:name="com.example.music_player_app.DYNAMIC_RECEIVER_NOT_EXPORTED_PERMISSION"
36-->[androidx.core:core:1.13.1] AndroidManifest.xml:23:9-81
37        android:protectionLevel="signature" />
37-->[androidx.core:core:1.13.1] AndroidManifest.xml:24:9-44
38
39    <uses-permission android:name="com.example.music_player_app.DYNAMIC_RECEIVER_NOT_EXPORTED_PERMISSION" />
39-->[androidx.core:core:1.13.1] AndroidManifest.xml:26:5-97
39-->[androidx.core:core:1.13.1] AndroidManifest.xml:26:22-94
40
41    <application
42        android:name="android.app.Application"
42-->src/main/AndroidManifest.xml:7:9-42
43        android:appComponentFactory="androidx.core.app.CoreComponentFactory"
43-->[androidx.core:core:1.13.1] AndroidManifest.xml:28:18-86
44        android:icon="@mipmap/ic_launcher"
44-->src/main/AndroidManifest.xml:8:9-43
45        android:label="music_player_app" >
45-->src/main/AndroidManifest.xml:6:9-41
46        <activity
46-->src/main/AndroidManifest.xml:9:9-30:20
47            android:name="com.example.music_player_app.MainActivity"
47-->src/main/AndroidManifest.xml:10:13-41
48            android:configChanges="orientation|keyboardHidden|keyboard|screenSize|smallestScreenSize|locale|layoutDirection|fontScale|screenLayout|density|uiMode"
48-->src/main/AndroidManifest.xml:15:13-163
49            android:exported="true"
49-->src/main/AndroidManifest.xml:11:13-36
50            android:hardwareAccelerated="true"
50-->src/main/AndroidManifest.xml:16:13-47
51            android:launchMode="singleTop"
51-->src/main/AndroidManifest.xml:12:13-43
52            android:taskAffinity=""
52-->src/main/AndroidManifest.xml:13:13-36
53            android:theme="@style/LaunchTheme"
53-->src/main/AndroidManifest.xml:14:13-47
54            android:windowSoftInputMode="adjustResize" >
54-->src/main/AndroidManifest.xml:17:13-55
55
56            <!--
57                 Specifies an Android theme to apply to this Activity as soon as
58                 the Android process has started. This theme is visible to the user
59                 while the Flutter UI initializes. After that, this theme continues
60                 to determine the Window background behind the Flutter UI.
61            -->
62            <meta-data
62-->src/main/AndroidManifest.xml:22:13-25:17
63                android:name="io.flutter.embedding.android.NormalTheme"
63-->src/main/AndroidManifest.xml:23:15-70
64                android:resource="@style/NormalTheme" />
64-->src/main/AndroidManifest.xml:24:15-52
65
66            <intent-filter>
66-->src/main/AndroidManifest.xml:26:13-29:29
67                <action android:name="android.intent.action.MAIN" />
67-->src/main/AndroidManifest.xml:27:17-68
67-->src/main/AndroidManifest.xml:27:25-66
68
69                <category android:name="android.intent.category.LAUNCHER" />
69-->src/main/AndroidManifest.xml:28:17-76
69-->src/main/AndroidManifest.xml:28:27-74
70            </intent-filter>
71        </activity>
72        <!--
73             Don't delete the meta-data below.
74             This is used by the Flutter tool to generate GeneratedPluginRegistrant.java
75        -->
76        <meta-data
76-->src/main/AndroidManifest.xml:33:9-35:33
77            android:name="flutterEmbedding"
77-->src/main/AndroidManifest.xml:34:13-44
78            android:value="2" />
78-->src/main/AndroidManifest.xml:35:13-30
79
80        <receiver
80-->[:assets_audio_player] AndroidManifest.xml:14:9-20:20
81            android:name="com.github.florent37.assets_audio_player.notification.NotificationActionReceiver"
81-->[:assets_audio_player] AndroidManifest.xml:15:13-108
82            android:exported="true" >
82-->[:assets_audio_player] AndroidManifest.xml:16:13-36
83            <intent-filter>
83-->[:assets_audio_player] AndroidManifest.xml:17:13-19:29
84                <action android:name="android.intent.action.MEDIA_BUTTON" />
84-->[:assets_audio_player] AndroidManifest.xml:18:17-77
84-->[:assets_audio_player] AndroidManifest.xml:18:25-74
85            </intent-filter>
86        </receiver>
87        <receiver
87-->[:assets_audio_player] AndroidManifest.xml:21:9-27:20
88            android:name="com.github.florent37.assets_audio_player.notification.CustomMediaButtonReceiver"
88-->[:assets_audio_player] AndroidManifest.xml:22:13-107
89            android:exported="true" >
89-->[:assets_audio_player] AndroidManifest.xml:23:13-36
90            <intent-filter>
90-->[:assets_audio_player] AndroidManifest.xml:17:13-19:29
91                <action android:name="android.intent.action.MEDIA_BUTTON" />
91-->[:assets_audio_player] AndroidManifest.xml:18:17-77
91-->[:assets_audio_player] AndroidManifest.xml:18:25-74
92            </intent-filter>
93        </receiver>
94
95        <service
95-->[:assets_audio_player] AndroidManifest.xml:29:9-40:19
96            android:name="com.github.florent37.assets_audio_player.notification.NotificationService"
96-->[:assets_audio_player] AndroidManifest.xml:30:13-101
97            android:enabled="true"
97-->[:assets_audio_player] AndroidManifest.xml:31:13-35
98            android:exported="true"
98-->[:assets_audio_player] AndroidManifest.xml:32:13-36
99            android:foregroundServiceType="mediaPlayback" >
99-->[:assets_audio_player] AndroidManifest.xml:33:13-58
100            <intent-filter>
100-->[:assets_audio_player] AndroidManifest.xml:34:13-36:29
101                <action android:name="android.media.browse.MediaBrowserService" />
101-->[:assets_audio_player] AndroidManifest.xml:35:17-83
101-->[:assets_audio_player] AndroidManifest.xml:35:25-80
102            </intent-filter>
103            <intent-filter>
103-->[:assets_audio_player] AndroidManifest.xml:17:13-19:29
104                <action android:name="android.intent.action.MEDIA_BUTTON" />
104-->[:assets_audio_player] AndroidManifest.xml:18:17-77
104-->[:assets_audio_player] AndroidManifest.xml:18:25-74
105            </intent-filter>
106        </service>
107
108        <uses-library
108-->[androidx.window:window:1.2.0] AndroidManifest.xml:23:9-25:40
109            android:name="androidx.window.extensions"
109-->[androidx.window:window:1.2.0] AndroidManifest.xml:24:13-54
110            android:required="false" />
110-->[androidx.window:window:1.2.0] AndroidManifest.xml:25:13-37
111        <uses-library
111-->[androidx.window:window:1.2.0] AndroidManifest.xml:26:9-28:40
112            android:name="androidx.window.sidecar"
112-->[androidx.window:window:1.2.0] AndroidManifest.xml:27:13-51
113            android:required="false" />
113-->[androidx.window:window:1.2.0] AndroidManifest.xml:28:13-37
114
115        <provider
115-->[androidx.lifecycle:lifecycle-process:2.7.0] AndroidManifest.xml:24:9-32:20
116            android:name="androidx.startup.InitializationProvider"
116-->[androidx.lifecycle:lifecycle-process:2.7.0] AndroidManifest.xml:25:13-67
117            android:authorities="com.example.music_player_app.androidx-startup"
117-->[androidx.lifecycle:lifecycle-process:2.7.0] AndroidManifest.xml:26:13-68
118            android:exported="false" >
118-->[androidx.lifecycle:lifecycle-process:2.7.0] AndroidManifest.xml:27:13-37
119            <meta-data
119-->[androidx.lifecycle:lifecycle-process:2.7.0] AndroidManifest.xml:29:13-31:52
120                android:name="androidx.lifecycle.ProcessLifecycleInitializer"
120-->[androidx.lifecycle:lifecycle-process:2.7.0] AndroidManifest.xml:30:17-78
121                android:value="androidx.startup" />
121-->[androidx.lifecycle:lifecycle-process:2.7.0] AndroidManifest.xml:31:17-49
122            <meta-data
122-->[androidx.profileinstaller:profileinstaller:1.3.1] AndroidManifest.xml:29:13-31:52
123                android:name="androidx.profileinstaller.ProfileInstallerInitializer"
123-->[androidx.profileinstaller:profileinstaller:1.3.1] AndroidManifest.xml:30:17-85
124                android:value="androidx.startup" />
124-->[androidx.profileinstaller:profileinstaller:1.3.1] AndroidManifest.xml:31:17-49
125        </provider>
126
127        <receiver
127-->[androidx.profileinstaller:profileinstaller:1.3.1] AndroidManifest.xml:34:9-52:20
128            android:name="androidx.profileinstaller.ProfileInstallReceiver"
128-->[androidx.profileinstaller:profileinstaller:1.3.1] AndroidManifest.xml:35:13-76
129            android:directBootAware="false"
129-->[androidx.profileinstaller:profileinstaller:1.3.1] AndroidManifest.xml:36:13-44
130            android:enabled="true"
130-->[androidx.profileinstaller:profileinstaller:1.3.1] AndroidManifest.xml:37:13-35
131            android:exported="true"
131-->[androidx.profileinstaller:profileinstaller:1.3.1] AndroidManifest.xml:38:13-36
132            android:permission="android.permission.DUMP" >
132-->[androidx.profileinstaller:profileinstaller:1.3.1] AndroidManifest.xml:39:13-57
133            <intent-filter>
133-->[androidx.profileinstaller:profileinstaller:1.3.1] AndroidManifest.xml:40:13-42:29
134                <action android:name="androidx.profileinstaller.action.INSTALL_PROFILE" />
134-->[androidx.profileinstaller:profileinstaller:1.3.1] AndroidManifest.xml:41:17-91
134-->[androidx.profileinstaller:profileinstaller:1.3.1] AndroidManifest.xml:41:25-88
135            </intent-filter>
136            <intent-filter>
136-->[androidx.profileinstaller:profileinstaller:1.3.1] AndroidManifest.xml:43:13-45:29
137                <action android:name="androidx.profileinstaller.action.SKIP_FILE" />
137-->[androidx.profileinstaller:profileinstaller:1.3.1] AndroidManifest.xml:44:17-85
137-->[androidx.profileinstaller:profileinstaller:1.3.1] AndroidManifest.xml:44:25-82
138            </intent-filter>
139            <intent-filter>
139-->[androidx.profileinstaller:profileinstaller:1.3.1] AndroidManifest.xml:46:13-48:29
140                <action android:name="androidx.profileinstaller.action.SAVE_PROFILE" />
140-->[androidx.profileinstaller:profileinstaller:1.3.1] AndroidManifest.xml:47:17-88
140-->[androidx.profileinstaller:profileinstaller:1.3.1] AndroidManifest.xml:47:25-85
141            </intent-filter>
142            <intent-filter>
142-->[androidx.profileinstaller:profileinstaller:1.3.1] AndroidManifest.xml:49:13-51:29
143                <action android:name="androidx.profileinstaller.action.BENCHMARK_OPERATION" />
143-->[androidx.profileinstaller:profileinstaller:1.3.1] AndroidManifest.xml:50:17-95
143-->[androidx.profileinstaller:profileinstaller:1.3.1] AndroidManifest.xml:50:25-92
144            </intent-filter>
145        </receiver>
146    </application>
147
148</manifest>